# JRE version: OpenJDK Runtime Environment (8.0_202-b03) (build 1.8.0_202-release-1483-b03)
# Java VM: OpenJDK 64-Bit Server VM (25.202-b03 mixed mode windows-amd64 compressed oops)
Heap:
 PSYoungGen      total 1167360K, used 218287K [0x000000076ab00000, 0x00000007c0000000, 0x00000007c0000000)
  eden space 936960K, 23% used [0x000000076ab00000,0x000000077802be88,0x00000007a3e00000)
  from space 230400K, 0% used [0x00000007a3e00000,0x00000007a3e00000,0x00000007b1f00000)
  to   space 230400K, 0% used [0x00000007b1f00000,0x00000007b1f00000,0x00000007c0000000)
 ParOldGen       total 1528832K, used 1073205K [0x00000006c0000000, 0x000000071d500000, 0x000000076ab00000)
  object space 1528832K, 70% used [0x00000006c0000000,0x000000070180d428,0x000000071d500000)
 Metaspace       used 6937K, capacity 7604K, committed 7808K, reserved 1056768K
  class space    used 617K, capacity 620K, committed 640K, reserved 1048576K
GC Heap History (10 events):
Event: 18.766 GC heap before
{Heap before GC invocations=15 (full 2):
 PSYoungGen      total 1122304K, used 1122290K [0x000000076ab00000, 0x00000007c0000000, 0x00000007c0000000)
  eden space 936960K, 100% used [0x000000076ab00000,0x00000007a3e00000,0x00000007a3e00000)
  from space 185344K, 99% used [0x00000007b4b00000,0x00000007bfffc898,0x00000007c0000000)
  to   space 230400K, 0% used [0x00000007a3e00000,0x00000007a3e00000,0x00000007b1f00000)
 ParOldGen       total 561152K, used 366019K [0x00000006c0000000, 0x00000006e2400000, 0x000000076ab00000)
  object space 561152K, 65% used [0x00000006c0000000,0x00000006d6570fc0,0x00000006e2400000)
 Metaspace       used 6590K, capacity 7280K, committed 7552K, reserved 1056768K
  class space    used 598K, capacity 616K, committed 640K, reserved 1048576K
Event: 18.923 GC heap after
Heap after GC invocations=15 (full 2):
 PSYoungGen      total 1167360K, used 230382K [0x000000076ab00000, 0x00000007c0000000, 0x00000007c0000000)
  eden space 936960K, 0% used [0x000000076ab00000,0x000000076ab00000,0x00000007a3e00000)
  from space 230400K, 99% used [0x00000007a3e00000,0x00000007b1efb8e8,0x00000007b1f00000)
  to   space 230400K, 0% used [0x00000007b1f00000,0x00000007b1f00000,0x00000007c0000000)
 ParOldGen       total 561152K, used 431267K [0x00000006c0000000, 0x00000006e2400000, 0x000000076ab00000)
  object space 561152K, 76% used [0x00000006c0000000,0x00000006da528d20,0x00000006e2400000)
 Metaspace       used 6590K, capacity 7280K, committed 7552K, reserved 1056768K
  class space    used 598K, capacity 616K, committed 640K, reserved 1048576K
}
Event: 19.639 GC heap before
{Heap before GC invocations=16 (full 2):
 PSYoungGen      total 1167360K, used 1167342K [0x000000076ab00000, 0x00000007c0000000, 0x00000007c0000000)
  eden space 936960K, 100% used [0x000000076ab00000,0x00000007a3e00000,0x00000007a3e00000)
  from space 230400K, 99% used [0x00000007a3e00000,0x00000007b1efb8e8,0x00000007b1f00000)
  to   space 230400K, 0% used [0x00000007b1f00000,0x00000007b1f00000,0x00000007c0000000)
 ParOldGen       total 561152K, used 431267K [0x00000006c0000000, 0x00000006e2400000, 0x000000076ab00000)
  object space 561152K, 76% used [0x00000006c0000000,0x00000006da528d20,0x00000006e2400000)
 Metaspace       used 6595K, capacity 7280K, committed 7552K, reserved 1056768K
  class space    used 598K, capacity 616K, committed 640K, reserved 1048576K
Event: 20.519 GC heap after
Heap after GC invocations=16 (full 2):
 PSYoungGen      total 1167360K, used 1167342K [0x000000076ab00000, 0x00000007c0000000, 0x00000007c0000000)
  eden space 936960K, 100% used [0x000000076ab00000,0x00000007a3e00000,0x00000007a3e00000)
  from space 230400K, 99% used [0x00000007a3e00000,0x00000007b1efb8e8,0x00000007b1f00000)
  to   space 230400K, 99% used [0x00000007b1f00000,0x00000007bfffca38,0x00000007c0000000)
 ParOldGen       total 580096K, used 579822K [0x00000006c0000000, 0x00000006e3680000, 0x000000076ab00000)
  object space 580096K, 99% used [0x00000006c0000000,0x00000006e363b8b0,0x00000006e3680000)
 Metaspace       used 6595K, capacity 7280K, committed 7552K, reserved 1056768K
  class space    used 598K, capacity 616K, committed 640K, reserved 1048576K
}
Event: 20.519 GC heap before
{Heap before GC invocations=17 (full 3):
 PSYoungGen      total 1167360K, used 1167342K [0x000000076ab00000, 0x00000007c0000000, 0x00000007c0000000)
  eden space 936960K, 100% used [0x000000076ab00000,0x00000007a3e00000,0x00000007a3e00000)
  from space 230400K, 99% used [0x00000007a3e00000,0x00000007b1efb8e8,0x00000007b1f00000)
  to   space 230400K, 99% used [0x00000007b1f00000,0x00000007bfffca38,0x00000007c0000000)
 ParOldGen       total 580096K, used 579822K [0x00000006c0000000, 0x00000006e3680000, 0x000000076ab00000)
  object space 580096K, 99% used [0x00000006c0000000,0x00000006e363b8b0,0x00000006e3680000)
 Metaspace       used 6595K, capacity 7280K, committed 7552K, reserved 1056768K
  class space    used 598K, capacity 616K, committed 640K, reserved 1048576K
Event: 24.016 GC heap after
Heap after GC invocations=17 (full 3):
 PSYoungGen      total 1167360K, used 0K [0x000000076ab00000, 0x00000007c0000000, 0x00000007c0000000)
  eden space 936960K, 0% used [0x000000076ab00000,0x000000076ab00000,0x00000007a3e00000)
  from space 230400K, 0% used [0x00000007a3e00000,0x00000007a3e00000,0x00000007b1f00000)
  to   space 230400K, 93% used [0x00000007b1f00000,0x00000007bf066750,0x00000007c0000000)
 ParOldGen       total 873984K, used 579726K [0x00000006c0000000, 0x00000006f5580000, 0x000000076ab00000)
  object space 873984K, 66% used [0x00000006c0000000,0x00000006e36238d8,0x00000006f5580000)
 Metaspace       used 6595K, capacity 7280K, committed 7552K, reserved 1056768K
  class space    used 598K, capacity 616K, committed 640K, reserved 1048576K
}
Event: 25.971 GC heap before
{Heap before GC invocations=18 (full 4):
 PSYoungGen      total 1167360K, used 936960K [0x000000076ab00000, 0x00000007c0000000, 0x00000007c0000000)
  eden space 936960K, 100% used [0x000000076ab00000,0x00000007a3e00000,0x00000007a3e00000)
  from space 230400K, 0% used [0x00000007a3e00000,0x00000007a3e00000,0x00000007b1f00000)
  to   space 230400K, 93% used [0x00000007b1f00000,0x00000007bf066750,0x00000007c0000000)
 ParOldGen       total 873984K, used 579726K [0x00000006c0000000, 0x00000006f5580000, 0x000000076ab00000)
  object space 873984K, 66% used [0x00000006c0000000,0x00000006e36238d8,0x00000006f5580000)
 Metaspace       used 6702K, capacity 7348K, committed 7552K, reserved 1056768K
  class space    used 605K, capacity 620K, committed 640K, reserved 1048576K
Event: 30.004 GC heap after
Heap after GC invocations=18 (full 4):
 PSYoungGen      total 1167360K, used 0K [0x000000076ab00000, 0x00000007c0000000, 0x00000007c0000000)
  eden space 936960K, 0% used [0x000000076ab00000,0x000000076ab00000,0x00000007a3e00000)
  from space 230400K, 0% used [0x00000007a3e00000,0x00000007a3e00000,0x00000007b1f00000)
  to   space 230400K, 22% used [0x00000007b1f00000,0x00000007b50dd3e8,0x00000007c0000000)
 ParOldGen       total 1247744K, used 873598K [0x00000006c0000000, 0x000000070c280000, 0x000000076ab00000)
  object space 1247744K, 70% used [0x00000006c0000000,0x00000006f551f950,0x000000070c280000)
 Metaspace       used 6702K, capacity 7348K, committed 7552K, reserved 1056768K
  class space    used 605K, capacity 620K, committed 640K, reserved 1048576K
}
Event: 30.984 GC heap before
{Heap before GC invocations=19 (full 5):
 PSYoungGen      total 1167360K, used 936960K [0x000000076ab00000, 0x00000007c0000000, 0x00000007c0000000)
  eden space 936960K, 100% used [0x000000076ab00000,0x00000007a3e00000,0x00000007a3e00000)
  from space 230400K, 0% used [0x00000007a3e00000,0x00000007a3e00000,0x00000007b1f00000)
  to   space 230400K, 22% used [0x00000007b1f00000,0x00000007b50dd3e8,0x00000007c0000000)
 ParOldGen       total 1247744K, used 873598K [0x00000006c0000000, 0x000000070c280000, 0x000000076ab00000)
  object space 1247744K, 70% used [0x00000006c0000000,0x00000006f551f950,0x000000070c280000)
 Metaspace       used 6924K, capacity 7540K, committed 7808K, reserved 1056768K
  class space    used 617K, capacity 620K, committed 640K, reserved 1048576K
Event: 35.644 GC heap after
Heap after GC invocations=19 (full 5):
 PSYoungGen      total 1167360K, used 0K [0x000000076ab00000, 0x00000007c0000000, 0x00000007c0000000)
  eden space 936960K, 0% used [0x000000076ab00000,0x000000076ab00000,0x00000007a3e00000)
  from space 230400K, 0% used [0x00000007a3e00000,0x00000007a3e00000,0x00000007b1f00000)
  to   space 230400K, 0% used [0x00000007b1f00000,0x00000007b1f00000,0x00000007c0000000)
 ParOldGen       total 1528832K, used 1073205K [0x00000006c0000000, 0x000000071d500000, 0x000000076ab00000)
  object space 1528832K, 70% used [0x00000006c0000000,0x000000070180d428,0x000000071d500000)
 Metaspace       used 6924K, capacity 7540K, committed 7808K, reserved 1056768K
  class space    used 617K, capacity 620K, committed 640K, reserved 1048576K
}

